>Cluster 0
0	31239nt, >MN514967.1... *
>Cluster 1
0	30690nt, >KY417150.1... *
1	30669nt, >KT444582.1... at +/0.981904
>Cluster 2
0	30688nt, >KF367457.1... *
1	30165nt, >KC881006.1... at +/0.978783
2	30160nt, >KC881005.1... at +/0.904675
>Cluster 3
0	30686nt, >KY417151.1... *
1	30142nt, >KY417152.1... at +/0.923031
>Cluster 4
0	30635nt, >MK211376.1... *
1	30496nt, >OK017847.1... at +/0.965274
2	30496nt, >OK017851.1... at +/0.978095
3	30496nt, >OK017850.1... at +/0.978194
4	30495nt, >OK017849.1... at +/0.979767
5	30386nt, >OK017848.1... at +/0.902521
>Cluster 5
0	30591nt, >MK211378.1... *
>Cluster 6
0	30331nt, >NC_045512.2... *
1	30277nt, >HG994854.1... at +/0.944248
2	30277nt, >HG994857.1... at +/0.942597
3	30277nt, >HG994855.1... at +/0.943257
4	30277nt, >HG994858.1... at +/0.932787
5	30277nt, >HG994859.1... at +/0.933151
6	30277nt, >HG994856.1... at +/0.90937
7	30275nt, >HG994853.1... at +/0.902527
8	30274nt, >HG994852.1... at +/0.932715
>Cluster 7
0	30277nt, >HG994860.1... *
>Cluster 8
0	30248nt, >MK062183.1... *
1	30248nt, >MK062184.1... at +/0.985685
2	30140nt, >AY559083.1... at +/0.961944
3	30132nt, >AY390556.1... at +/0.956126
4	30126nt, >AY313906.1... at +/0.935637
5	30123nt, >DQ898174.1... at +/0.956014
6	30123nt, >AY864806.1... at +/0.953623
7	30123nt, >NC_004718.3... at +/0.954785
8	30123nt, >AY323977.2... at +/0.956047
9	30123nt, >AY864805.1... at +/0.954221
10	30118nt, >DQ640652.1... at +/0.904243
11	30117nt, >AY654624.1... at +/0.940897
12	30117nt, >AY278487.3... at +/0.950759
13	30114nt, >AY278491.2... at +/0.95434
14	30113nt, >AY485277.1... at +/0.955634
15	30112nt, >AY485278.1... at +/0.956994
16	30112nt, >AY310120.1... at +/0.954636
17	30112nt, >AY278490.3... at +/0.908741
18	30111nt, >AY545919.1... at +/0.947262
19	30111nt, >AY545917.1... at +/0.938195
20	30109nt, >AY545918.1... at +/0.939055
21	30103nt, >EU371559.1... at +/0.956549
22	30103nt, >EU371560.1... at +/0.950802
23	30103nt, >AY515512.1... at +/0.936485
24	30102nt, >AY613948.1... at +/0.94007
25	30102nt, >AY568539.1... at +/0.938642
26	30102nt, >AY613949.1... at +/0.940934
27	30102nt, >AY613947.1... at +/0.941266
28	30101nt, >AY394986.1... at +/0.962061
29	30101nt, >AY291451.1... at +/0.956712
30	30101nt, >AY502928.1... at +/0.956679
31	30101nt, >AY502926.1... at +/0.956114
32	30101nt, >AY502923.1... at +/0.955716
33	30101nt, >AY502932.1... at +/0.955583
34	30101nt, >AY502930.1... at +/0.956214
35	30101nt, >AY502929.1... at +/0.956247
36	30101nt, >AY502927.1... at +/0.95648
37	30101nt, >AY502931.1... at +/0.955616
38	30100nt, >AY394850.2... at +/0.955947
39	30100nt, >AY613950.1... at +/0.941096
40	30099nt, >JQ316196.1... at +/0.956743
41	30099nt, >AY714217.1... at +/0.956178
42	30099nt, >AP006561.1... at +/0.955779
43	30099nt, >AY278741.1... at +/0.957773
44	30099nt, >AY362699.1... at +/0.956311
45	30099nt, >AP006560.1... at +/0.955613
46	30099nt, >AP006559.1... at +/0.955547
47	30099nt, >AP006557.1... at +/0.956278
48	30099nt, >MK062179.1... at +/0.958769
49	30099nt, >JN854286.1... at +/0.956344
50	30099nt, >AY291315.1... at +/0.955048
51	30099nt, >DQ497008.1... at +/0.955314
52	30099nt, >AY502924.1... at +/0.955414
53	30099nt, >MK062180.1... at +/0.956577
54	30099nt, >MK062181.1... at +/0.958636
55	30099nt, >MK062182.1... at +/0.956444
56	30097nt, >AY321118.1... at +/0.957969
57	30097nt, >AP006558.1... at +/0.957471
58	30097nt, >AY278488.2... at +/0.969432
59	30095nt, >AY545914.1... at +/0.938661
60	30093nt, >AY545916.1... at +/0.938325
61	30088nt, >AY595412.1... at +/0.968592
62	30086nt, >AY545915.1... at +/0.931064
63	30081nt, >AY394987.1... at +/0.968884
64	30071nt, >AY394983.1... at +/0.972598
65	30061nt, >KF514407.1... at +/0.953395
66	30060nt, >JX162087.1... at +/0.961277
67	30059nt, >FJ882938.1... at +/0.972654
68	30059nt, >FJ882927.1... at +/0.972621
69	30059nt, >FJ882930.1... at +/0.972587
70	30059nt, >FJ882928.1... at +/0.97099
71	30054nt, >FJ882963.1... at +/0.970254
72	30046nt, >FJ882926.1... at +/0.958231
73	30041nt, >AY559082.1... at +/0.951566
74	30036nt, >FJ882941.1... at +/0.964842
75	30036nt, >FJ882929.1... at +/0.964376
76	30019nt, >FJ882933.1... at +/0.972751
77	30019nt, >FJ882937.1... at +/0.972318
78	30019nt, >FJ882953.1... at +/0.967287
79	30018nt, >AY395003.1... at +/0.956593
80	30018nt, >FJ882949.1... at +/0.97145
81	30018nt, >FJ882935.1... at +/0.971884
82	30018nt, >FJ882934.1... at +/0.971084
83	30018nt, >JF292922.1... at +/0.962556
84	30017nt, >JX163927.1... at +/0.970617
85	30017nt, >JX163926.1... at +/0.97135
86	30017nt, >JX163923.1... at +/0.971316
87	30017nt, >JX163925.1... at +/0.970217
88	30017nt, >JX163928.1... at +/0.970583
89	30017nt, >JX163924.1... at +/0.97095
90	30017nt, >FJ882936.1... at +/0.971083
91	30017nt, >FJ882939.1... at +/0.970916
92	30017nt, >FJ882932.1... at +/0.97065
93	30017nt, >JF292915.1... at +/0.968118
94	30017nt, >JF292909.1... at +/0.968218
95	30017nt, >HQ890541.1... at +/0.968218
96	30017nt, >JF292906.1... at +/0.967818
97	30017nt, >HQ890538.1... at +/0.968285
98	30017nt, >HQ890535.1... at +/0.967918
99	30017nt, >HQ890529.1... at +/0.967752
100	30017nt, >HQ890526.1... at +/0.968385
101	30017nt, >FJ882940.1... at +/0.967618
102	30017nt, >JF292905.1... at +/0.968118
103	30017nt, >FJ882931.1... at +/0.965486
104	30017nt, >FJ882955.1... at +/0.96502
105	30017nt, >FJ882960.1... at +/0.962921
106	30017nt, >FJ882950.1... at +/0.965586
107	30016nt, >AY394979.1... at +/0.963586
108	30016nt, >JF292903.1... at +/0.967651
109	30016nt, >HQ890532.1... at +/0.968384
110	30016nt, >HQ890531.1... at +/0.968284
111	30015nt, >GU553363.1... at +/0.971947
112	30015nt, >GU553365.1... at +/0.971314
113	30015nt, >FJ882956.1... at +/0.962552
114	30007nt, >FJ882954.1... at +/0.967741
115	30003nt, >AB257344.1... at +/0.957304
116	29999nt, >FJ882944.1... at +/0.957299
117	29987nt, >FJ882947.1... at +/0.971221
118	29973nt, >EU371563.1... at +/0.95883
119	29973nt, >EU371561.1... at +/0.958863
120	29973nt, >EU371562.1... at +/0.958463
121	29962nt, >AY463059.1... at +/0.960717
122	29910nt, >AY572034.1... at +/0.937312
123	29895nt, >AY686864.1... at +/0.945777
124	29887nt, >AY572035.1... at +/0.947168
125	29881nt, >EU371564.1... at +/0.959975
126	29868nt, >AY686863.1... at +/0.943719
>Cluster 9
0	30229nt, >MN996532.2... *
>Cluster 10
0	30205nt, >MW251308.1... *
>Cluster 11
0	30179nt, >MT040335.1... *
1	30178nt, >MT040333.1... at +/0.981775
2	30175nt, >MT040336.1... at +/0.979818
3	30174nt, >MT040334.1... at +/0.966362
>Cluster 12
0	30178nt, >KF569996.1... *
>Cluster 13
0	30175nt, >MG772933.1... *
>Cluster 14
0	30168nt, >MT072864.1... *
>Cluster 15
0	30166nt, >MZ081381.1... *
>Cluster 16
0	30155nt, >KY417146.1... *
>Cluster 17
0	30154nt, >MT782115.1... *
1	30154nt, >MT782114.1... at +/0.987299
2	30100nt, >DQ022305.2... at +/0.93588
3	30083nt, >DQ084200.1... at +/0.937373
4	30076nt, >GQ153540.1... at +/0.929778
5	30076nt, >GQ153539.1... at +/0.930543
6	30076nt, >GQ153541.1... at +/0.930044
7	30059nt, >DQ084199.1... at +/0.934196
8	30048nt, >GQ153548.1... at +/0.941161
>Cluster 18
0	30143nt, >KY417144.1... *
>Cluster 19
0	30138nt, >MW703458.1... *
>Cluster 20
0	30138nt, >AY394994.1... *
1	30138nt, >AY394995.1... at +/0.985799
2	30129nt, >AY278489.2... at +/0.965183
3	30121nt, >AY351680.1... at +/0.92653
4	30117nt, >AY357076.1... at +/0.972208
5	30113nt, >AY304486.1... at +/0.978049
6	30110nt, >AY357075.1... at +/0.974195
7	30110nt, >AY350750.1... at +/0.96277
8	30108nt, >AY278554.2... at +/0.985984
9	30108nt, >AY394998.1... at +/0.985818
10	30108nt, >AY394993.1... at +/0.986117
11	30108nt, >AY394992.1... at +/0.986482
12	30108nt, >AY394991.1... at +/0.985818
13	30108nt, >AY282752.2... at +/0.985452
14	30108nt, >AY394990.1... at +/0.986449
15	30108nt, >AY394989.1... at +/0.986283
16	30108nt, >AY345986.1... at +/0.985652
17	30108nt, >AY345988.1... at +/0.985386
18	30104nt, >AY279354.2... at +/0.973592
19	30103nt, >AY304488.1... at +/0.979138
20	30097nt, >AY559090.1... at +/0.904509
21	30094nt, >AY559084.1... at +/0.973982
22	30092nt, >AY559096.1... at +/0.904925
23	30092nt, >AY304495.1... at +/0.985777
24	30091nt, >AY559095.1... at +/0.928018
25	30089nt, >AY559089.1... at +/0.947622
26	30088nt, >AY559081.1... at +/0.957558
27	30088nt, >AY559087.1... at +/0.974076
28	30087nt, >AY461660.1... at +/0.982816
29	30087nt, >AY297028.1... at +/0.937415
30	30087nt, >AY559097.1... at +/0.976435
31	30086nt, >AY559088.1... at +/0.98265
32	30085nt, >AY559085.1... at +/0.973808
33	30085nt, >AY559092.1... at +/0.973342
34	30084nt, >AY559093.1... at +/0.974471
35	30083nt, >AY427439.1... at +/0.975069
36	30083nt, >AY283796.1... at +/0.975002
37	30083nt, >AY283794.1... at +/0.974637
38	30083nt, >AY283798.2... at +/0.973739
39	30082nt, >AY559091.1... at +/0.971578
40	30078nt, >AY283797.1... at +/0.974433
41	30078nt, >DQ182595.1... at +/0.973702
42	30077nt, >AY283795.1... at +/0.973967
43	30066nt, >FJ959407.1... at +/0.959788
44	30055nt, >AY394996.1... at +/0.97834
45	30055nt, >AY572038.1... at +/0.963966
46	30032nt, >AY559086.1... at +/0.973661
47	30011nt, >AY394978.1... at +/0.98194
48	29947nt, >AY559094.1... at +/0.968344
49	29943nt, >AY348314.1... at +/0.979862
50	29943nt, >AY338174.1... at +/0.980897
51	29943nt, >AY338175.1... at +/0.978225
52	29900nt, >AY394985.1... at +/0.925151
53	29830nt, >AY772062.1... at +/0.972746
54	29717nt, >AY394999.1... at +/0.975738
55	29717nt, >AY395002.1... at +/0.975603
56	29717nt, >AY395000.1... at +/0.975637
57	29376nt, >AY463060.1... at +/0.910063
>Cluster 21
0	30121nt, >DQ412043.1... *
1	30113nt, >DQ648857.1... at +/0.922193
>Cluster 22
0	30115nt, >KY417148.1... *
>Cluster 23
0	30115nt, >KY417149.1... *
>Cluster 24
0	30113nt, >KY417147.1... *
>Cluster 25
0	30113nt, >KY417143.1... *
>Cluster 26
0	30109nt, >MZ081379.1... *
>Cluster 27
0	30108nt, >DQ071615.1... *
>Cluster 28
0	30106nt, >MZ081377.1... *
>Cluster 29
0	30104nt, >MG772934.1... *
>Cluster 30
0	30102nt, >MT308984.1... *
>Cluster 31
0	30097nt, >KY417142.1... *
>Cluster 32
0	30095nt, >KP886808.1... *
1	30095nt, >KP886809.1... at +/0.982655
>Cluster 33
0	30093nt, >FJ882951.1... *
1	30093nt, >FJ882962.1... at +/0.98694
2	30093nt, >FJ882942.1... at +/0.985811
3	30093nt, >FJ882959.1... at +/0.984282
4	30092nt, >FJ882957.1... at +/0.98488
5	30092nt, >FJ882961.1... at +/0.98355
6	30092nt, >FJ882952.1... at +/0.984182
7	30092nt, >FJ882948.1... at +/0.983085
8	30092nt, >FJ882958.1... at +/0.984115
9	30092nt, >FJ882945.1... at +/0.984149
10	30092nt, >FJ882943.1... at +/0.984714
>Cluster 34
0	30090nt, >LC556375.1... *
>Cluster 35
0	30089nt, >MZ081382.1... *
>Cluster 36
0	30088nt, >GQ153542.1... *
1	30053nt, >GQ153543.1... at +/0.97561
>Cluster 37
0	30084nt, >MZ081376.1... *
1	30084nt, >MZ081380.1... at +/0.985341
2	30084nt, >MZ081378.1... at +/0.985175
>Cluster 38
0	30082nt, >KY417145.1... *
>Cluster 39
0	30081nt, >DQ412042.1... *
>Cluster 40
0	30076nt, >DQ648856.1... *
>Cluster 41
0	30076nt, >GQ153547.1... *
>Cluster 42
0	30070nt, >MK211375.1... *
>Cluster 43
0	30067nt, >GQ153546.1... *
1	30067nt, >GQ153545.1... at +/0.984002
2	30067nt, >GQ153544.1... at +/0.984102
>Cluster 44
0	30061nt, >MK211377.1... *
>Cluster 45
0	30060nt, >KY770858.1... *
1	30038nt, >KY770859.1... at +/0.983055
>Cluster 46
0	30029nt, >KJ473814.1... *
>Cluster 47
0	30022nt, >KY770860.1... *
1	29812nt, >KJ473812.1... at +/0.905843
>Cluster 48
0	30019nt, >MK211374.1... *
>Cluster 49
0	29998nt, >MZ328294.1... *
>Cluster 50
0	29988nt, >OK017806.1... *
>Cluster 51
0	29972nt, >OK017803.1... *
>Cluster 52
0	29962nt, >OK017804.1... *
>Cluster 53
0	29941nt, >OK017805.1... *
>Cluster 54
0	29922nt, >OK017801.1... *
>Cluster 55
0	29922nt, >OK017820.1... *
1	29920nt, >OK017821.1... at +/0.985495
2	29920nt, >OK017818.1... at +/0.986598
3	29920nt, >OK017817.1... at +/0.986598
4	29920nt, >OK017816.1... at +/0.986564
5	29920nt, >OK017814.1... at +/0.98262
6	29920nt, >OK017815.1... at +/0.985127
>Cluster 56
0	29921nt, >OK017825.1... *
1	29918nt, >OK017826.1... at +/0.951434
>Cluster 57
0	29920nt, >OK017837.1... *
>Cluster 58
0	29920nt, >OK017828.1... *
1	29917nt, >OK017827.1... at +/0.91433
>Cluster 59
0	29914nt, >OK017802.1... *
>Cluster 60
0	29911nt, >OK017835.1... *
>Cluster 61
0	29911nt, >OK017860.1... *
>Cluster 62
0	29907nt, >OK017840.1... *
>Cluster 63
0	29907nt, >OK017843.1... *
>Cluster 64
0	29907nt, >OK017792.1... *
>Cluster 65
0	29907nt, >OK017819.1... *
1	29907nt, >OK017813.1... at +/0.986358
>Cluster 66
0	29907nt, >OK017824.1... *
1	29881nt, >OK017822.1... at +/0.956394
>Cluster 67
0	29905nt, >OK017836.1... *
>Cluster 68
0	29904nt, >OK017833.1... *
>Cluster 69
0	29898nt, >OK017839.1... *
>Cluster 70
0	29898nt, >OK017834.1... *
>Cluster 71
0	29891nt, >MT121216.1... *
>Cluster 72
0	29886nt, >OK017832.1... *
>Cluster 73
0	29884nt, >OK017812.1... *
>Cluster 74
0	29881nt, >OK017823.1... *
>Cluster 75
0	29879nt, >OK017809.1... *
>Cluster 76
0	29876nt, >OK017859.1... *
>Cluster 77
0	29854nt, >OK017858.1... *
>Cluster 78
0	29853nt, >JX993987.1... *
>Cluster 79
0	29851nt, >OK017838.1... *
>Cluster 80
0	29834nt, >OK017807.1... *
>Cluster 81
0	29830nt, >KJ473813.1... *
>Cluster 82
0	29823nt, >OK017811.1... *
1	29807nt, >OK017810.1... at +/0.954507
>Cluster 83
0	29821nt, >JX993988.1... *
>Cluster 84
0	29819nt, >OK017845.1... *
>Cluster 85
0	29816nt, >OK017844.1... *
>Cluster 86
0	29794nt, >OK017846.1... *
>Cluster 87
0	29760nt, >OK017829.1... *
1	29749nt, >OK017831.1... at +/0.942048
>Cluster 88
0	29757nt, >OK017808.1... *
>Cluster 89
0	29737nt, >OK017855.1... *
1	29737nt, >OK017853.1... at +/0.98702
2	29736nt, >OK017854.1... at +/0.974812
3	29733nt, >OK017852.1... at +/0.916894
4	29548nt, >OK017857.1... at +/0.923142
5	29499nt, >OK017856.1... at +/0.985796
>Cluster 90
0	29717nt, >OK017841.1... *
>Cluster 91
0	29704nt, >OK017842.1... *
>Cluster 92
0	29696nt, >OK017830.1... *
>Cluster 93
0	29691nt, >MW719567.1... *
>Cluster 94
0	29677nt, >OK017793.1... *
>Cluster 95
0	29642nt, >GU190215.1... *
>Cluster 96
0	29640nt, >KY352407.1... *
>Cluster 97
0	29612nt, >MT726045.1... *
1	29609nt, >MT726043.1... at +/0.917626
>Cluster 98
0	29586nt, >MZ190138.1... *
>Cluster 99
0	29533nt, >OK017799.1... *
1	29532nt, >OK017794.1... at +/0.985947
2	29532nt, >OK017800.1... at +/0.961127
3	29532nt, >OK017798.1... at +/0.95703
4	29532nt, >OK017795.1... at +/0.962278
5	29532nt, >OK017797.1... at +/0.959671
6	29121nt, >KU182964.1... at +/0.94073
>Cluster 100
0	29526nt, >KJ473815.1... *
>Cluster 101
0	29507nt, >KJ473816.1... *
>Cluster 102
0	29439nt, >KY938558.1... *
1	29400nt, >KJ473811.1... at +/0.901531
>Cluster 103
0	29423nt, >FJ588686.1... *
>Cluster 104
0	29239nt, >MZ190137.1... *
>Cluster 105
0	28946nt, >OK017796.1... *
